**********************
Windows PowerShell transcript start
Start time: 20260604124323
Username: CP-4090D\admin
RunAs User: CP-4090D\admin
Configuration Name: 
Machine: CP-4090D (Microsoft Windows NT 10.0.26200.0)
Host Application: powershell -NoExit -ExecutionPolicy Bypass -File C:\AI\Infinite-Canvas\tools\jimeng_cli_login.ps1
Process ID: 18716
PSVersion: 5.1.26100.8457
PSEdition: Desktop
PSCompatibleVersions: 1.0, 2.0, 3.0, 4.0, 5.0, 5.1.26100.8457
BuildVersion: 10.0.26100.8457
CLRVersion: 4.0.30319.42000
WSManStackVersion: 3.0
PSRemotingProtocolVersion: 2.3
SerializationVersion: 1.1.0.1
**********************
=== Jimeng CLI login/check via WSL ===
Workspace: C:\AI\Infinite-Canvas

Detected WSL distros:
  Ubuntu
Using WSL distro: Ubuntu
WSL sh OK

Checking user_credit...
Login/check failed with exit code 1

Log: C:\AI\Infinite-Canvas\logs\jimeng-cli-login-20260604-124323.log
